<?xml version="1.0" encoding="UTF-8"?>
<testng-results ignored="0" total="1" passed="1" failed="0" skipped="0">
  <reporter-output>
  </reporter-output>
  <suite started-at="2023-04-25T10:23:27 IST" name="Default suite" finished-at="2023-04-25T10:23:44 IST" duration-ms="16321">
    <groups>
    </groups>
    <test started-at="2023-04-25T10:23:27 IST" name="Default test" finished-at="2023-04-25T10:23:44 IST" duration-ms="16321">
      <class name="Selenium.Practice.Regenesys">
        <test-method signature="intialize()[pri:0, instance:Selenium.Practice.Regenesys@6d763516]" started-at="2023-04-25T10:23:28 IST" name="intialize" finished-at="2023-04-25T10:23:44 IST" duration-ms="16290" status="PASS">
          <reporter-output>
          </reporter-output>
        </test-method> <!-- intialize -->
      </class> <!-- Selenium.Practice.Regenesys -->
    </test> <!-- Default test -->
  </suite> <!-- Default suite -->
</testng-results>
